2019-09-13 12:47:57,975  INFO [main] LogReports:23 - Chrome browser invoked...
2019-09-13 13:00:38,685  INFO [main] LogReports:23 - Chrome browser invoked...
2019-09-13 13:00:41,904  INFO [main] LogReports:23 - Application opened...
2019-09-13 13:00:46,664  INFO [main] LogReports:23 - Clicked on Diagnostics...
2019-09-13 13:00:50,506  INFO [main] LogReports:23 - Selected city...
2019-09-13 13:00:53,599  INFO [main] LogReports:23 - Entered into next field to select test sample...
2019-09-13 13:00:58,897  INFO [main] LogReports:23 - CBC Test sample selected...
2019-09-13 13:01:02,040  INFO [main] LogReports:23 - CBC Test added to cart...
2019-09-13 13:01:09,138  INFO [main] LogReports:23 - CBC Test search removed from the field...
2019-09-13 13:01:21,865  INFO [main] LogReports:23 - Serium Lipase sample selected...
2019-09-13 13:01:28,010  INFO [main] LogReports:23 - Serium Lipase added to cart...
2019-09-13 13:01:28,125  INFO [main] LogReports:23 - Serium Lipase search removed from the field...
2019-09-13 13:01:38,610  INFO [main] LogReports:23 - T3 T4 TSH sample selected...
2019-09-13 13:01:44,777  INFO [main] LogReports:23 - T3 T4 TSH added to cart...
2019-09-13 13:01:51,281  INFO [main] LogReports:23 - CBC Test sample removed...
2019-09-13 13:02:29,677  INFO [main] LogReports:23 - Chrome browser invoked...
2019-09-13 13:02:32,834  INFO [main] LogReports:23 - Application opened...
2019-09-13 13:02:39,334  INFO [main] LogReports:23 - Clicked on Diagnostics...
2019-09-13 13:02:43,269  INFO [main] LogReports:23 - Selected city...
2019-09-13 13:02:46,366  INFO [main] LogReports:23 - Entered into next field to select test sample...
2019-09-13 13:02:51,639  INFO [main] LogReports:23 - CBC Test sample selected...
2019-09-13 13:02:54,754  INFO [main] LogReports:23 - CBC Test added to cart...
2019-09-13 13:03:01,878  INFO [main] LogReports:23 - CBC Test search removed from the field...
2019-09-13 13:03:14,619  INFO [main] LogReports:23 - Serium Lipase sample selected...
2019-09-13 13:03:20,769  INFO [main] LogReports:23 - Serium Lipase added to cart...
2019-09-13 13:03:20,846  INFO [main] LogReports:23 - Serium Lipase search removed from the field...
2019-09-13 13:03:31,428  INFO [main] LogReports:23 - T3 T4 TSH sample selected...
2019-09-13 13:03:37,615  INFO [main] LogReports:23 - T3 T4 TSH added to cart...
2019-09-13 13:03:44,206  INFO [main] LogReports:23 - CBC Test sample removed...
2019-09-13 13:03:49,976  INFO [main] LogReports:23 - Chrome browser invoked...
2019-09-13 13:03:52,636  INFO [main] LogReports:23 - Application opened...
2019-09-13 13:03:59,195  INFO [main] LogReports:23 - Clicked on Diagnostics...
2019-09-13 13:04:04,070  INFO [main] LogReports:23 - Selected city...
2019-09-13 13:04:07,157  INFO [main] LogReports:23 - Entered into next field to select test sample...
2019-09-13 13:04:12,463  INFO [main] LogReports:23 - CBC Test sample selected...
2019-09-13 13:04:15,684  INFO [main] LogReports:23 - CBC Test added to cart...
2019-09-13 13:04:22,808  INFO [main] LogReports:23 - CBC Test search removed from the field...
2019-09-13 13:04:35,548  INFO [main] LogReports:23 - Serium Lipase sample selected...
2019-09-13 13:04:41,685  INFO [main] LogReports:23 - Serium Lipase added to cart...
2019-09-13 13:04:41,767  INFO [main] LogReports:23 - Serium Lipase search removed from the field...
2019-09-13 13:04:52,327  INFO [main] LogReports:23 - T3 T4 TSH sample selected...
2019-09-13 13:04:58,453  INFO [main] LogReports:23 - T3 T4 TSH added to cart...
2019-09-13 14:10:51,445  INFO [main] LogReports:23 - Chrome browser invoked...
2019-09-13 14:10:55,769  INFO [main] LogReports:23 - Application opened...
2019-09-13 14:11:02,901  INFO [main] LogReports:23 - Clicked on Diagnostics...
2019-09-13 14:11:06,649  INFO [main] LogReports:23 - Selected city...
2019-09-13 14:11:09,782  INFO [main] LogReports:23 - Entered into next field to select test sample...
2019-09-13 14:11:15,035  INFO [main] LogReports:23 - CBC Test sample selected...
2019-09-13 14:11:18,184  INFO [main] LogReports:23 - CBC Test added to cart...
2019-09-13 14:11:25,283  INFO [main] LogReports:23 - CBC Test search removed from the field...
2019-09-13 14:11:38,072  INFO [main] LogReports:23 - Serium Lipase sample selected...
2019-09-13 14:11:44,239  INFO [main] LogReports:23 - Serium Lipase added to cart...
2019-09-13 14:11:44,342  INFO [main] LogReports:23 - Serium Lipase search removed from the field...
2019-09-13 14:11:54,887  INFO [main] LogReports:23 - T3 T4 TSH sample selected...
2019-09-13 14:12:01,027  INFO [main] LogReports:23 - T3 T4 TSH added to cart...
2019-09-13 14:12:07,524  INFO [main] LogReports:23 - CBC Test sample removed...
2019-09-13 14:12:13,638  INFO [main] LogReports:23 - Chrome browser invoked...
2019-09-13 14:12:16,319  INFO [main] LogReports:23 - Application opened...
2019-09-13 14:12:22,944  INFO [main] LogReports:23 - Clicked on Diagnostics...
2019-09-13 14:12:26,956  INFO [main] LogReports:23 - Selected city...
2019-09-13 14:12:30,053  INFO [main] LogReports:23 - Entered into next field to select test sample...
2019-09-13 14:12:35,353  INFO [main] LogReports:23 - CBC Test sample selected...
2019-09-13 14:12:38,553  INFO [main] LogReports:23 - CBC Test added to cart...
2019-09-13 14:12:45,698  INFO [main] LogReports:23 - CBC Test search removed from the field...
2019-09-13 14:12:58,555  INFO [main] LogReports:23 - Serium Lipase sample selected...
2019-09-13 14:13:04,700  INFO [main] LogReports:23 - Serium Lipase added to cart...
2019-09-13 14:13:04,806  INFO [main] LogReports:23 - Serium Lipase search removed from the field...
2019-09-13 14:13:15,351  INFO [main] LogReports:23 - T3 T4 TSH sample selected...
2019-09-13 14:13:21,505  INFO [main] LogReports:23 - T3 T4 TSH added to cart...
2019-09-13 14:16:35,127  INFO [main] LogReports:23 - Chrome browser invoked...
2019-09-13 14:16:37,923  INFO [main] LogReports:23 - Application opened...
2019-09-13 14:16:44,335  INFO [main] LogReports:23 - Clicked on Diagnostics...
2019-09-13 14:16:48,470  INFO [main] LogReports:23 - Selected city...
2019-09-13 14:16:51,562  INFO [main] LogReports:23 - Entered into next field to select test sample...
2019-09-13 14:16:56,877  INFO [main] LogReports:23 - CBC Test sample selected...
2019-09-13 14:17:00,039  INFO [main] LogReports:23 - CBC Test added to cart...
2019-09-13 14:17:07,181  INFO [main] LogReports:23 - CBC Test search removed from the field...
2019-09-13 14:17:19,965  INFO [main] LogReports:23 - Serium Lipase sample selected...
2019-09-13 14:17:26,154  INFO [main] LogReports:23 - Serium Lipase added to cart...
2019-09-13 14:17:26,271  INFO [main] LogReports:23 - Serium Lipase search removed from the field...
2019-09-13 14:17:36,805  INFO [main] LogReports:23 - T3 T4 TSH sample selected...
2019-09-13 14:17:42,951  INFO [main] LogReports:23 - T3 T4 TSH added to cart...
2019-09-13 14:17:49,447  INFO [main] LogReports:23 - CBC Test sample removed...
2019-09-13 14:17:55,227  INFO [main] LogReports:23 - Chrome browser invoked...
2019-09-13 14:17:58,308  INFO [main] LogReports:23 - Application opened...
2019-09-13 14:18:04,850  INFO [main] LogReports:23 - Clicked on Diagnostics...
2019-09-13 14:18:08,985  INFO [main] LogReports:23 - Selected city...
2019-09-13 14:18:12,071  INFO [main] LogReports:23 - Entered into next field to select test sample...
2019-09-13 14:18:17,356  INFO [main] LogReports:23 - CBC Test sample selected...
2019-09-13 14:18:20,582  INFO [main] LogReports:23 - CBC Test added to cart...
2019-09-13 14:18:27,725  INFO [main] LogReports:23 - CBC Test search removed from the field...
2019-09-13 14:18:40,495  INFO [main] LogReports:23 - Serium Lipase sample selected...
2019-09-13 14:18:46,620  INFO [main] LogReports:23 - Serium Lipase added to cart...
2019-09-13 14:18:46,719  INFO [main] LogReports:23 - Serium Lipase search removed from the field...
2019-09-13 14:18:57,289  INFO [main] LogReports:23 - T3 T4 TSH sample selected...
2019-09-13 14:19:03,404  INFO [main] LogReports:23 - T3 T4 TSH added to cart...
2019-09-13 14:20:47,067  INFO [main] LogReports:23 - Chrome browser invoked...
2019-09-13 14:20:50,260  INFO [main] LogReports:23 - Application opened...
2019-09-13 14:20:57,574  INFO [main] LogReports:23 - Clicked on Diagnostics...
2019-09-13 14:21:02,139  INFO [main] LogReports:23 - Selected city...
2019-09-13 14:21:05,244  INFO [main] LogReports:23 - Entered into next field to select test sample...
2019-09-13 14:21:10,632  INFO [main] LogReports:23 - CBC Test sample selected...
2019-09-13 14:21:13,846  INFO [main] LogReports:23 - CBC Test added to cart...
2019-09-13 14:21:20,940  INFO [main] LogReports:23 - CBC Test search removed from the field...
2019-09-13 14:21:33,677  INFO [main] LogReports:23 - Serium Lipase sample selected...
2019-09-13 14:21:39,857  INFO [main] LogReports:23 - Serium Lipase added to cart...
2019-09-13 14:21:39,936  INFO [main] LogReports:23 - Serium Lipase search removed from the field...
2019-09-13 14:21:50,466  INFO [main] LogReports:23 - T3 T4 TSH sample selected...
2019-09-13 14:21:56,646  INFO [main] LogReports:23 - T3 T4 TSH added to cart...
2019-09-13 14:22:03,159  INFO [main] LogReports:23 - CBC Test sample removed...
2019-09-13 14:23:08,740  INFO [main] LogReports:23 - Chrome browser invoked...
2019-09-13 14:23:12,637  INFO [main] LogReports:23 - Application opened...
2019-09-13 14:23:20,458  INFO [main] LogReports:23 - Clicked on Diagnostics...
2019-09-13 14:23:24,797  INFO [main] LogReports:23 - Selected city...
2019-09-13 14:23:28,488  INFO [main] LogReports:23 - Entered into next field to select test sample...
2019-09-13 14:23:33,921  INFO [main] LogReports:23 - CBC Test sample selected...
2019-09-13 14:23:37,174  INFO [main] LogReports:23 - CBC Test added to cart...
2019-09-13 14:23:44,326  INFO [main] LogReports:23 - CBC Test search removed from the field...
2019-09-13 14:23:57,696  INFO [main] LogReports:23 - Serium Lipase sample selected...
2019-09-13 14:24:03,817  INFO [main] LogReports:23 - Serium Lipase added to cart...
2019-09-13 14:24:03,882  INFO [main] LogReports:23 - Serium Lipase search removed from the field...
2019-09-13 14:24:14,571  INFO [main] LogReports:23 - T3 T4 TSH sample selected...
2019-09-13 14:24:20,725  INFO [main] LogReports:23 - T3 T4 TSH added to cart...
2019-09-13 14:24:27,325  INFO [main] LogReports:23 - CBC Test sample removed...
2019-09-13 14:25:02,386  INFO [main] LogReports:23 - Chrome browser invoked...
2019-09-13 14:25:05,959  INFO [main] LogReports:23 - Application opened...
2019-09-13 14:25:13,803  INFO [main] LogReports:23 - Clicked on Diagnostics...
2019-09-13 14:25:18,204  INFO [main] LogReports:23 - Selected city...
2019-09-13 14:25:21,370  INFO [main] LogReports:23 - Entered into next field to select test sample...
2019-09-13 14:25:26,776  INFO [main] LogReports:23 - CBC Test sample selected...
2019-09-13 14:25:30,100  INFO [main] LogReports:23 - CBC Test added to cart...
2019-09-13 14:25:37,332  INFO [main] LogReports:23 - CBC Test search removed from the field...
2019-09-13 14:25:50,541  INFO [main] LogReports:23 - Serium Lipase sample selected...
2019-09-13 14:25:56,734  INFO [main] LogReports:23 - Serium Lipase added to cart...
2019-09-13 14:25:56,821  INFO [main] LogReports:23 - Serium Lipase search removed from the field...
2019-09-13 14:26:07,529  INFO [main] LogReports:23 - T3 T4 TSH sample selected...
2019-09-13 14:26:13,713  INFO [main] LogReports:23 - T3 T4 TSH added to cart...
2019-09-13 14:26:20,349  INFO [main] LogReports:23 - CBC Test sample removed...
2019-09-13 15:23:33,416  INFO [main] LogReports:23 - Chrome browser invoked...
2019-09-13 15:23:36,525  INFO [main] LogReports:23 - Application opened...
2019-09-13 15:23:42,956  INFO [main] LogReports:23 - Clicked on Diagnostics...
2019-09-13 15:23:46,617  INFO [main] LogReports:23 - Selected city...
2019-09-13 15:23:49,717  INFO [main] LogReports:23 - Entered into next field to select test sample...
2019-09-13 15:23:55,035  INFO [main] LogReports:23 - CBC Test sample selected...
2019-09-13 15:23:58,182  INFO [main] LogReports:23 - CBC Test added to cart...
2019-09-13 15:24:05,283  INFO [main] LogReports:23 - CBC Test search removed from the field...
2019-09-13 15:24:18,021  INFO [main] LogReports:23 - Serium Lipase sample selected...
2019-09-13 15:24:24,130  INFO [main] LogReports:23 - Serium Lipase added to cart...
2019-09-13 15:24:24,236  INFO [main] LogReports:23 - Serium Lipase search removed from the field...
2019-09-13 15:24:34,771  INFO [main] LogReports:23 - T3 T4 TSH sample selected...
2019-09-13 15:24:40,913  INFO [main] LogReports:23 - T3 T4 TSH added to cart...
2019-09-13 15:24:47,132  INFO [main] LogReports:23 - CBC Test sample removed...
2019-09-13 15:27:01,457  INFO [main] LogReports:23 - Chrome browser invoked...
2019-09-13 15:27:04,347  INFO [main] LogReports:23 - Application opened...
2019-09-13 15:27:10,793  INFO [main] LogReports:23 - Clicked on Diagnostics...
2019-09-13 15:27:53,954  INFO [main] LogReports:23 - Chrome browser invoked...
2019-09-13 15:27:56,560  INFO [main] LogReports:23 - Application opened...
2019-09-13 15:28:03,105  INFO [main] LogReports:23 - Clicked on Diagnostics...
2019-09-13 15:29:52,795  INFO [main] LogReports:23 - Chrome browser invoked...
2019-09-13 15:29:55,031  INFO [main] LogReports:23 - Application opened...
2019-09-13 15:30:01,811  INFO [main] LogReports:23 - Clicked on Diagnostics...
2019-09-13 15:32:53,580  INFO [main] LogReports:23 - Chrome browser invoked...
2019-09-13 15:32:55,920  INFO [main] LogReports:23 - Application opened...
2019-09-13 15:33:02,171  INFO [main] LogReports:23 - Clicked on Diagnostics...
2019-09-13 15:33:05,908  INFO [main] LogReports:23 - Selected city...
2019-09-13 15:33:09,003  INFO [main] LogReports:23 - Entered into next field to select test sample...
2019-09-13 15:33:14,302  INFO [main] LogReports:23 - CBC Test sample selected...
2019-09-13 15:33:17,474  INFO [main] LogReports:23 - CBC Test added to cart...
2019-09-13 15:33:24,584  INFO [main] LogReports:23 - CBC Test search removed from the field...
2019-09-13 15:33:37,295  INFO [main] LogReports:23 - Serium Lipase sample selected...
2019-09-13 15:33:43,416  INFO [main] LogReports:23 - Serium Lipase added to cart...
2019-09-13 15:33:43,490  INFO [main] LogReports:23 - Serium Lipase search removed from the field...
2019-09-13 15:33:54,019  INFO [main] LogReports:23 - T3 T4 TSH sample selected...
2019-09-13 15:34:00,139  INFO [main] LogReports:23 - T3 T4 TSH added to cart...
2019-09-13 15:34:18,488  INFO [main] LogReports:23 - Chrome browser invoked...
2019-09-13 15:34:20,757  INFO [main] LogReports:23 - Application opened...
2019-09-13 15:34:28,112  INFO [main] LogReports:23 - Clicked on Diagnostics...
2019-09-13 15:34:32,365  INFO [main] LogReports:23 - Selected city...
2019-09-13 15:34:35,484  INFO [main] LogReports:23 - Entered into next field to select test sample...
2019-09-13 15:34:40,891  INFO [main] LogReports:23 - CBC Test sample selected...
2019-09-13 15:34:44,051  INFO [main] LogReports:23 - CBC Test added to cart...
2019-09-13 15:34:51,167  INFO [main] LogReports:23 - CBC Test search removed from the field...
2019-09-13 15:35:04,035  INFO [main] LogReports:23 - Serium Lipase sample selected...
2019-09-13 15:35:10,167  INFO [main] LogReports:23 - Serium Lipase added to cart...
2019-09-13 15:35:10,259  INFO [main] LogReports:23 - Serium Lipase search removed from the field...
2019-09-13 15:35:20,906  INFO [main] LogReports:23 - T3 T4 TSH sample selected...
2019-09-13 15:35:27,059  INFO [main] LogReports:23 - T3 T4 TSH added to cart...
2019-09-13 15:35:33,211  INFO [main] LogReports:23 - CBC Test sample removed...
2019-09-13 15:38:36,512  INFO [main] LogReports:23 - Chrome browser invoked...
2019-09-13 15:38:39,564  INFO [main] LogReports:23 - Application opened...
2019-09-13 15:38:46,202  INFO [main] LogReports:23 - Clicked on Diagnostics...
2019-09-13 15:38:50,591  INFO [main] LogReports:23 - Selected city...
2019-09-13 15:38:53,700  INFO [main] LogReports:23 - Entered into next field to select test sample...
2019-09-13 15:38:59,131  INFO [main] LogReports:23 - CBC Test sample selected...
2019-09-13 15:39:02,305  INFO [main] LogReports:23 - CBC Test added to cart...
2019-09-13 15:39:09,430  INFO [main] LogReports:23 - CBC Test search removed from the field...
2019-09-13 15:39:22,480  INFO [main] LogReports:23 - Serium Lipase sample selected...
2019-09-13 15:39:28,633  INFO [main] LogReports:23 - Serium Lipase added to cart...
2019-09-13 15:39:28,706  INFO [main] LogReports:23 - Serium Lipase search removed from the field...
2019-09-13 15:39:39,231  INFO [main] LogReports:23 - T3 T4 TSH sample selected...
2019-09-13 15:39:45,350  INFO [main] LogReports:23 - T3 T4 TSH added to cart...
2019-09-13 15:39:51,567  INFO [main] LogReports:23 - CBC Test sample removed...
2019-09-13 15:47:11,192  INFO [main] LogReports:23 - Chrome browser invoked...
2019-09-13 15:47:14,321  INFO [main] LogReports:23 - Application opened...
2019-09-13 15:47:22,210  INFO [main] LogReports:23 - Clicked on Diagnostics...
2019-09-13 15:47:26,672  INFO [main] LogReports:23 - Selected city...
2019-09-13 15:47:29,843  INFO [main] LogReports:23 - Entered into next field to select test sample...
2019-09-13 15:47:35,247  INFO [main] LogReports:23 - CBC Test sample selected...
2019-09-13 15:47:38,465  INFO [main] LogReports:23 - CBC Test added to cart...
2019-09-13 15:47:45,617  INFO [main] LogReports:23 - CBC Test search removed from the field...
2019-09-13 15:47:58,769  INFO [main] LogReports:23 - Serium Lipase sample selected...
2019-09-13 15:48:04,897  INFO [main] LogReports:23 - Serium Lipase added to cart...
2019-09-13 15:48:04,986  INFO [main] LogReports:23 - Serium Lipase search removed from the field...
2019-09-13 15:48:15,556  INFO [main] LogReports:23 - T3 T4 TSH sample selected...
2019-09-13 15:48:21,698  INFO [main] LogReports:23 - T3 T4 TSH added to cart...
2019-09-13 15:48:27,874  INFO [main] LogReports:23 - CBC Test sample removed...
2019-09-13 15:56:08,522  INFO [main] LogReports:23 - Chrome browser invoked...
2019-09-13 15:56:12,244  INFO [main] LogReports:23 - Application opened...
2019-09-13 15:56:20,162  INFO [main] LogReports:23 - Clicked on Diagnostics...
2019-09-13 15:56:24,932  INFO [main] LogReports:23 - Selected city...
2019-09-13 15:56:28,148  INFO [main] LogReports:23 - Entered into next field to select test sample...
2019-09-13 15:56:33,611  INFO [main] LogReports:23 - CBC Test sample selected...
2019-09-13 15:56:41,917  INFO [main] LogReports:23 - CBC Test added to cart...
2019-09-13 15:56:54,105  INFO [main] LogReports:23 - CBC Test search removed from the field...
2019-09-13 15:57:07,457  INFO [main] LogReports:23 - Serium Lipase sample selected...
2019-09-13 15:57:18,582  INFO [main] LogReports:23 - Serium Lipase added to cart...
2019-09-13 15:57:23,719  INFO [main] LogReports:23 - Serium Lipase search removed from the field...
2019-09-13 15:59:00,508  INFO [main] LogReports:23 - Chrome browser invoked...
2019-09-13 15:59:04,144  INFO [main] LogReports:23 - Application opened...
2019-09-13 15:59:12,720  INFO [main] LogReports:23 - Clicked on Diagnostics...
2019-09-13 15:59:16,821  INFO [main] LogReports:23 - Selected city...
2019-09-13 15:59:20,453  INFO [main] LogReports:23 - Entered into next field to select test sample...
2019-09-13 15:59:26,002  INFO [main] LogReports:23 - CBC Test sample selected...
2019-09-13 15:59:29,305  INFO [main] LogReports:23 - CBC Test added to cart...
2019-09-13 16:00:39,528  INFO [main] LogReports:23 - Chrome browser invoked...
2019-09-13 16:00:42,822  INFO [main] LogReports:23 - Application opened...
2019-09-13 16:00:48,977  INFO [main] LogReports:23 - Clicked on Diagnostics...
2019-09-13 16:01:23,683  INFO [main] LogReports:23 - Chrome browser invoked...
2019-09-13 16:01:26,099  INFO [main] LogReports:23 - Application opened...
2019-09-13 16:01:32,505  INFO [main] LogReports:23 - Clicked on Diagnostics...
2019-09-13 16:01:36,594  INFO [main] LogReports:23 - Selected city...
2019-09-13 16:01:39,688  INFO [main] LogReports:23 - Entered into next field to select test sample...
2019-09-13 16:01:44,964  INFO [main] LogReports:23 - CBC Test sample selected...
2019-09-13 16:01:48,114  INFO [main] LogReports:23 - CBC Test added to cart...
2019-09-13 16:01:55,289  INFO [main] LogReports:23 - CBC Test search removed from the field...
2019-09-13 16:02:08,007  INFO [main] LogReports:23 - Serium Lipase sample selected...
2019-09-13 16:02:14,174  INFO [main] LogReports:23 - Serium Lipase added to cart...
2019-09-13 16:02:14,254  INFO [main] LogReports:23 - Serium Lipase search removed from the field...
2019-09-13 16:02:24,786  INFO [main] LogReports:23 - T3 T4 TSH sample selected...
2019-09-13 16:02:30,936  INFO [main] LogReports:23 - T3 T4 TSH added to cart...
2019-09-13 16:09:57,133  INFO [main] LogReports:23 - Chrome browser invoked...
2019-09-13 16:09:59,599  INFO [main] LogReports:23 - Application opened...
2019-09-13 16:10:06,083  INFO [main] LogReports:23 - Clicked on Diagnostics...
2019-09-13 16:10:10,205  INFO [main] LogReports:23 - Selected city...
2019-09-13 16:10:13,311  INFO [main] LogReports:23 - Entered into next field to select test sample...
2019-09-13 16:10:18,596  INFO [main] LogReports:23 - CBC Test sample selected...
2019-09-13 16:10:21,836  INFO [main] LogReports:23 - CBC Test added to cart...
2019-09-13 16:10:28,951  INFO [main] LogReports:23 - CBC Test search removed from the field...
2019-09-13 16:10:41,686  INFO [main] LogReports:23 - Serium Lipase sample selected...
2019-09-13 16:10:47,818  INFO [main] LogReports:23 - Serium Lipase added to cart...
2019-09-13 16:10:47,908  INFO [main] LogReports:23 - Serium Lipase search removed from the field...
2019-09-13 16:10:58,431  INFO [main] LogReports:23 - T3 T4 TSH sample selected...
2019-09-13 16:11:04,597  INFO [main] LogReports:23 - T3 T4 TSH added to cart...
2019-09-13 16:12:02,759  INFO [main] LogReports:23 - Chrome browser invoked...
2019-09-13 16:12:05,692  INFO [main] LogReports:23 - Application opened...
2019-09-13 16:12:13,151  INFO [main] LogReports:23 - Clicked on Diagnostics...
2019-09-13 16:12:17,090  INFO [main] LogReports:23 - Selected city...
2019-09-13 16:12:20,223  INFO [main] LogReports:23 - Entered into next field to select test sample...
2019-09-13 16:12:25,709  INFO [main] LogReports:23 - CBC Test sample selected...
2019-09-13 16:12:28,891  INFO [main] LogReports:23 - CBC Test added to cart...
2019-09-13 16:12:36,028  INFO [main] LogReports:23 - CBC Test search removed from the field...
2019-09-13 16:12:48,829  INFO [main] LogReports:23 - Serium Lipase sample selected...
2019-09-13 16:12:54,951  INFO [main] LogReports:23 - Serium Lipase added to cart...
2019-09-13 16:12:55,034  INFO [main] LogReports:23 - Serium Lipase search removed from the field...
2019-09-13 16:13:05,719  INFO [main] LogReports:23 - T3 T4 TSH sample selected...
2019-09-13 16:13:11,909  INFO [main] LogReports:23 - T3 T4 TSH added to cart...
2019-09-13 16:13:18,038  INFO [main] LogReports:23 - CBC Test sample removed...
2019-09-13 16:21:15,363  INFO [main] LogReports:23 - Chrome browser invoked...
2019-09-13 16:21:18,590  INFO [main] LogReports:23 - Application opened...
2019-09-13 16:21:24,868  INFO [main] LogReports:23 - Clicked on Diagnostics...
2019-09-13 16:22:23,809  INFO [main] LogReports:23 - Chrome browser invoked...
2019-09-13 16:22:26,819  INFO [main] LogReports:23 - Application opened...
2019-09-13 16:22:32,968  INFO [main] LogReports:23 - Clicked on Diagnostics...
2019-09-13 16:22:37,182  INFO [main] LogReports:23 - Selected city...
2019-09-13 16:22:40,271  INFO [main] LogReports:23 - Entered into next field to select test sample...
2019-09-13 16:22:45,590  INFO [main] LogReports:23 - CBC Test sample selected...
2019-09-13 16:22:48,771  INFO [main] LogReports:23 - CBC Test added to cart...
2019-09-13 16:22:55,906  INFO [main] LogReports:23 - CBC Test search removed from the field...
2019-09-13 16:23:08,726  INFO [main] LogReports:23 - Serium Lipase sample selected...
2019-09-13 16:23:14,865  INFO [main] LogReports:23 - Serium Lipase added to cart...
2019-09-13 16:23:14,992  INFO [main] LogReports:23 - Serium Lipase search removed from the field...
2019-09-13 16:23:25,514  INFO [main] LogReports:23 - T3 T4 TSH sample selected...
2019-09-13 16:23:31,674  INFO [main] LogReports:23 - T3 T4 TSH added to cart...
2019-09-13 16:23:37,860  INFO [main] LogReports:23 - CBC Test sample removed...
2019-09-13 16:32:16,921  INFO [main] LogReports:23 - Chrome browser invoked...
2019-09-13 16:32:20,103  INFO [main] LogReports:23 - Application opened...
2019-09-13 16:32:26,708  INFO [main] LogReports:23 - Clicked on Diagnostics...
2019-09-13 16:32:30,755  INFO [main] LogReports:23 - Selected city...
2019-09-13 16:32:33,845  INFO [main] LogReports:23 - Entered into next field to select test sample...
2019-09-13 16:32:39,164  INFO [main] LogReports:23 - CBC Test sample selected...
2019-09-13 16:32:42,303  INFO [main] LogReports:23 - CBC Test added to cart...
2019-09-13 16:32:49,452  INFO [main] LogReports:23 - CBC Test search removed from the field...
2019-09-13 16:33:02,165  INFO [main] LogReports:23 - Serium Lipase sample selected...
2019-09-13 16:33:08,338  INFO [main] LogReports:23 - Serium Lipase added to cart...
2019-09-13 16:33:08,415  INFO [main] LogReports:23 - Serium Lipase search removed from the field...
2019-09-13 16:33:19,007  INFO [main] LogReports:23 - T3 T4 TSH sample selected...
2019-09-13 16:33:25,167  INFO [main] LogReports:23 - T3 T4 TSH added to cart...
2019-09-13 16:33:31,356  INFO [main] LogReports:23 - CBC Test sample removed...
2019-09-13 16:47:40,627  INFO [main] LogReports:23 - Chrome browser invoked...
2019-09-13 16:47:43,406  INFO [main] LogReports:23 - Application opened...
2019-09-13 16:47:49,758  INFO [main] LogReports:23 - Clicked on Diagnostics...
2019-09-13 16:47:53,574  INFO [main] LogReports:23 - Selected city...
2019-09-13 16:47:56,679  INFO [main] LogReports:23 - Entered into next field to select test sample...
2019-09-13 16:48:02,006  INFO [main] LogReports:23 - CBC Test sample selected...
2019-09-13 16:48:05,139  INFO [main] LogReports:23 - CBC Test added to cart...
2019-09-13 16:48:12,232  INFO [main] LogReports:23 - CBC Test search removed from the field...
2019-09-13 16:48:25,086  INFO [main] LogReports:23 - Serium Lipase sample selected...
2019-09-13 16:48:31,268  INFO [main] LogReports:23 - Serium Lipase added to cart...
2019-09-13 16:48:31,367  INFO [main] LogReports:23 - Serium Lipase search removed from the field...
2019-09-13 16:48:41,886  INFO [main] LogReports:23 - T3 T4 TSH sample selected...
2019-09-13 16:48:48,042  INFO [main] LogReports:23 - T3 T4 TSH added to cart...
2019-09-13 16:48:54,256  INFO [main] LogReports:23 - CBC Test sample removed...
2019-09-13 16:49:48,862  INFO [main] LogReports:23 - Chrome browser invoked...
2019-09-13 16:49:51,505  INFO [main] LogReports:23 - Application opened...
2019-09-13 16:49:58,086  INFO [main] LogReports:23 - Clicked on Diagnostics...
2019-09-13 16:50:01,842  INFO [main] LogReports:23 - Selected city...
2019-09-13 16:50:04,934  INFO [main] LogReports:23 - Entered into next field to select test sample...
2019-09-13 16:50:10,212  INFO [main] LogReports:23 - CBC Test sample selected...
2019-09-13 16:50:13,351  INFO [main] LogReports:23 - CBC Test added to cart...
2019-09-13 16:50:20,456  INFO [main] LogReports:23 - CBC Test search removed from the field...
2019-09-13 16:50:33,185  INFO [main] LogReports:23 - Serium Lipase sample selected...
2019-09-13 16:50:39,302  INFO [main] LogReports:23 - Serium Lipase added to cart...
2019-09-13 16:50:39,428  INFO [main] LogReports:23 - Serium Lipase search removed from the field...
2019-09-13 16:50:50,002  INFO [main] LogReports:23 - T3 T4 TSH sample selected...
2019-09-13 16:50:56,207  INFO [main] LogReports:23 - T3 T4 TSH added to cart...
2019-09-13 16:51:02,419  INFO [main] LogReports:23 - CBC Test sample removed...
2019-09-13 16:56:15,693  INFO [main] LogReports:23 - Chrome browser invoked...
2019-09-13 16:56:18,437  INFO [main] LogReports:23 - Application opened...
2019-09-13 16:56:23,472  INFO [main] LogReports:23 - Clicked on Diagnostics...
2019-09-13 16:56:27,188  INFO [main] LogReports:23 - Selected city...
2019-09-13 16:56:30,274  INFO [main] LogReports:23 - Entered into next field to select test sample...
2019-09-13 16:56:35,553  INFO [main] LogReports:23 - CBC Test sample selected...
2019-09-13 16:56:38,754  INFO [main] LogReports:23 - CBC Test added to cart...
2019-09-13 16:56:45,902  INFO [main] LogReports:23 - CBC Test search removed from the field...
2019-09-13 16:56:58,692  INFO [main] LogReports:23 - Serium Lipase sample selected...
2019-09-13 16:57:04,833  INFO [main] LogReports:23 - Serium Lipase added to cart...
2019-09-13 16:57:04,926  INFO [main] LogReports:23 - Serium Lipase search removed from the field...
2019-09-13 16:57:15,465  INFO [main] LogReports:23 - T3 T4 TSH sample selected...
2019-09-13 16:57:21,607  INFO [main] LogReports:23 - T3 T4 TSH added to cart...
2019-09-13 16:57:27,776  INFO [main] LogReports:23 - CBC Test sample removed...
2019-09-13 17:01:57,301  INFO [main] LogReports:23 - Chrome browser invoked...
2019-09-13 17:01:59,888  INFO [main] LogReports:23 - Application opened...
2019-09-13 17:02:06,036  INFO [main] LogReports:23 - Clicked on Diagnostics...
2019-09-13 17:02:10,206  INFO [main] LogReports:23 - Selected city...
2019-09-13 17:02:13,288  INFO [main] LogReports:23 - Entered into next field to select test sample...
2019-09-13 17:02:18,541  INFO [main] LogReports:23 - CBC Test sample selected...
2019-09-13 17:02:21,720  INFO [main] LogReports:23 - CBC Test added to cart...
2019-09-13 17:02:28,855  INFO [main] LogReports:23 - CBC Test search removed from the field...
2019-09-13 17:02:41,568  INFO [main] LogReports:23 - Serium Lipase sample selected...
2019-09-13 17:02:47,720  INFO [main] LogReports:23 - Serium Lipase added to cart...
2019-09-13 17:02:47,838  INFO [main] LogReports:23 - Serium Lipase search removed from the field...
2019-09-13 17:02:58,352  INFO [main] LogReports:23 - T3 T4 TSH sample selected...
2019-09-13 17:03:04,502  INFO [main] LogReports:23 - T3 T4 TSH added to cart...
2019-09-13 17:03:10,669  INFO [main] LogReports:23 - CBC Test sample removed...
2019-09-13 17:15:34,436  INFO [main] LogReports:23 - Chrome browser invoked...
2019-09-13 17:15:44,274  INFO [main] LogReports:23 - Application opened...
2019-09-13 17:15:50,990  INFO [main] LogReports:23 - Clicked on Diagnostics...
2019-09-13 17:15:54,984  INFO [main] LogReports:23 - Selected city...
2019-09-13 17:15:58,087  INFO [main] LogReports:23 - Entered into next field to select test sample...
2019-09-13 17:16:03,346  INFO [main] LogReports:23 - CBC Test sample selected...
2019-09-13 17:16:06,537  INFO [main] LogReports:23 - CBC Test added to cart...
2019-09-13 17:16:13,671  INFO [main] LogReports:23 - CBC Test search removed from the field...
2019-09-13 17:16:26,445  INFO [main] LogReports:23 - Serium Lipase sample selected...
2019-09-13 17:16:32,582  INFO [main] LogReports:23 - Serium Lipase added to cart...
2019-09-13 17:16:32,675  INFO [main] LogReports:23 - Serium Lipase search removed from the field...
2019-09-13 17:16:43,215  INFO [main] LogReports:23 - T3 T4 TSH sample selected...
2019-09-13 17:16:49,335  INFO [main] LogReports:23 - T3 T4 TSH added to cart...
2019-09-13 17:16:55,469  INFO [main] LogReports:23 - CBC Test sample removed...
2019-09-13 17:28:53,120  INFO [main] LogReports:23 - Chrome browser invoked...
2019-09-13 17:28:56,224  INFO [main] LogReports:23 - Application opened...
2019-09-13 17:29:03,723  INFO [main] LogReports:23 - Clicked on Diagnostics...
2019-09-13 17:29:08,290  INFO [main] LogReports:23 - Selected city...
2019-09-13 17:29:11,396  INFO [main] LogReports:23 - Entered into next field to select test sample...
2019-09-13 17:29:16,726  INFO [main] LogReports:23 - CBC Test sample selected...
2019-09-13 17:29:19,900  INFO [main] LogReports:23 - CBC Test added to cart...
2019-09-13 17:29:27,049  INFO [main] LogReports:23 - CBC Test search removed from the field...
2019-09-13 17:29:39,807  INFO [main] LogReports:23 - Serium Lipase sample selected...
2019-09-13 17:29:46,341  INFO [main] LogReports:23 - Serium Lipase added to cart...
2019-09-13 17:29:46,423  INFO [main] LogReports:23 - Serium Lipase search removed from the field...
2019-09-13 17:29:56,902  INFO [main] LogReports:23 - T3 T4 TSH sample selected...
2019-09-13 17:30:03,148  INFO [main] LogReports:23 - T3 T4 TSH added to cart...
2019-09-13 17:30:09,312  INFO [main] LogReports:23 - CBC Test sample removed...
2019-09-13 17:39:36,643  INFO [main] LogReports:23 - Chrome browser invoked...
2019-09-13 17:39:39,594  INFO [main] LogReports:23 - Application opened...
2019-09-13 17:39:46,433  INFO [main] LogReports:23 - Clicked on Diagnostics...
2019-09-13 17:39:50,750  INFO [main] LogReports:23 - Selected city...
2019-09-13 17:39:53,866  INFO [main] LogReports:23 - Entered into next field to select test sample...
2019-09-13 17:39:59,302  INFO [main] LogReports:23 - CBC Test sample selected...
2019-09-13 17:40:02,519  INFO [main] LogReports:23 - CBC Test added to cart...
2019-09-13 17:40:09,646  INFO [main] LogReports:23 - CBC Test search removed from the field...
2019-09-13 17:40:22,520  INFO [main] LogReports:23 - Serium Lipase sample selected...
2019-09-13 17:40:28,642  INFO [main] LogReports:23 - Serium Lipase added to cart...
2019-09-13 17:40:28,740  INFO [main] LogReports:23 - Serium Lipase search removed from the field...
2019-09-13 17:40:39,275  INFO [main] LogReports:23 - T3 T4 TSH sample selected...
2019-09-13 17:40:45,398  INFO [main] LogReports:23 - T3 T4 TSH added to cart...
2019-09-13 17:43:51,410  INFO [main] LogReports:23 - Chrome browser invoked...
2019-09-13 17:43:54,642  INFO [main] LogReports:23 - Application opened...
2019-09-13 17:44:01,646  INFO [main] LogReports:23 - Clicked on Diagnostics...
2019-09-13 17:44:18,141  INFO [main] LogReports:23 - Chrome browser invoked...
2019-09-13 17:44:20,525  INFO [main] LogReports:23 - Application opened...
2019-09-13 17:44:27,551  INFO [main] LogReports:23 - Clicked on Diagnostics...
2019-09-13 17:44:31,953  INFO [main] LogReports:23 - Selected city...
2019-09-13 17:44:35,063  INFO [main] LogReports:23 - Entered into next field to select test sample...
2019-09-13 17:44:40,436  INFO [main] LogReports:23 - CBC Test sample selected...
2019-09-13 17:44:43,590  INFO [main] LogReports:23 - CBC Test added to cart...
2019-09-13 17:44:50,687  INFO [main] LogReports:23 - CBC Test search removed from the field...
2019-09-13 17:45:03,415  INFO [main] LogReports:23 - Serium Lipase sample selected...
2019-09-13 17:45:09,557  INFO [main] LogReports:23 - Serium Lipase added to cart...
2019-09-13 17:45:09,653  INFO [main] LogReports:23 - Serium Lipase search removed from the field...
2019-09-13 17:45:20,279  INFO [main] LogReports:23 - T3 T4 TSH sample selected...
2019-09-13 17:45:26,468  INFO [main] LogReports:23 - T3 T4 TSH added to cart...
2019-09-13 17:51:49,304  INFO [main] LogReports:23 - Chrome browser invoked...
2019-09-13 17:51:51,897  INFO [main] LogReports:23 - Application opened...
2019-09-13 17:51:58,717  INFO [main] LogReports:23 - Clicked on Diagnostics...
2019-09-13 17:52:02,661  INFO [main] LogReports:23 - Selected city...
2019-09-13 17:52:06,241  INFO [main] LogReports:23 - Entered into next field to select test sample...
2019-09-13 17:52:11,545  INFO [main] LogReports:23 - CBC Test sample selected...
2019-09-13 17:52:14,703  INFO [main] LogReports:23 - CBC Test added to cart...
2019-09-13 17:52:21,825  INFO [main] LogReports:23 - CBC Test search removed from the field...
2019-09-13 17:52:34,588  INFO [main] LogReports:23 - Serium Lipase sample selected...
2019-09-13 17:52:40,715  INFO [main] LogReports:23 - Serium Lipase added to cart...
2019-09-13 17:52:40,809  INFO [main] LogReports:23 - Serium Lipase search removed from the field...
2019-09-13 17:52:51,383  INFO [main] LogReports:23 - T3 T4 TSH sample selected...
2019-09-13 17:52:57,527  INFO [main] LogReports:23 - T3 T4 TSH added to cart...
2019-09-13 17:55:30,133  INFO [main] LogReports:23 - Chrome browser invoked...
2019-09-13 17:55:32,604  INFO [main] LogReports:23 - Application opened...
2019-09-13 17:55:39,029  INFO [main] LogReports:23 - Clicked on Diagnostics...
2019-09-13 17:55:43,384  INFO [main] LogReports:23 - Selected city...
2019-09-13 17:55:46,485  INFO [main] LogReports:23 - Entered into next field to select test sample...
2019-09-13 17:55:51,786  INFO [main] LogReports:23 - CBC Test sample selected...
2019-09-13 17:55:54,932  INFO [main] LogReports:23 - CBC Test added to cart...
2019-09-13 17:56:02,032  INFO [main] LogReports:23 - CBC Test search removed from the field...
2019-09-13 17:56:14,753  INFO [main] LogReports:23 - Serium Lipase sample selected...
2019-09-13 17:56:20,884  INFO [main] LogReports:23 - Serium Lipase added to cart...
2019-09-13 17:56:20,980  INFO [main] LogReports:23 - Serium Lipase search removed from the field...
2019-09-13 17:56:31,520  INFO [main] LogReports:23 - T3 T4 TSH sample selected...
2019-09-13 17:57:26,618  INFO [main] LogReports:23 - Chrome browser invoked...
2019-09-13 17:57:28,820  INFO [main] LogReports:23 - Application opened...
2019-09-13 17:57:36,012  INFO [main] LogReports:23 - Clicked on Diagnostics...
2019-09-13 17:57:40,172  INFO [main] LogReports:23 - Selected city...
2019-09-13 17:57:43,277  INFO [main] LogReports:23 - Entered into next field to select test sample...
2019-09-13 17:57:48,592  INFO [main] LogReports:23 - CBC Test sample selected...
2019-09-13 17:57:51,811  INFO [main] LogReports:23 - CBC Test added to cart...
2019-09-13 17:57:58,932  INFO [main] LogReports:23 - CBC Test search removed from the field...
2019-09-13 17:58:11,654  INFO [main] LogReports:23 - Serium Lipase sample selected...
2019-09-13 17:58:17,778  INFO [main] LogReports:23 - Serium Lipase added to cart...
2019-09-13 17:58:17,876  INFO [main] LogReports:23 - Serium Lipase search removed from the field...
2019-09-13 17:58:28,467  INFO [main] LogReports:23 - T3 T4 TSH sample selected...
2019-09-13 17:58:34,603  INFO [main] LogReports:23 - T3 T4 TSH added to cart...
2019-09-13 18:01:34,759  INFO [main] LogReports:23 - Chrome browser invoked...
2019-09-13 18:01:37,452  INFO [main] LogReports:23 - Application opened...
2019-09-13 18:01:44,228  INFO [main] LogReports:23 - Clicked on Diagnostics...
2019-09-13 18:01:48,598  INFO [main] LogReports:23 - Selected city...
2019-09-13 18:01:51,699  INFO [main] LogReports:23 - Entered into next field to select test sample...
2019-09-13 18:01:57,065  INFO [main] LogReports:23 - CBC Test sample selected...
2019-09-13 18:02:00,233  INFO [main] LogReports:23 - CBC Test added to cart...
2019-09-13 18:02:07,354  INFO [main] LogReports:23 - CBC Test search removed from the field...
2019-09-13 18:02:20,098  INFO [main] LogReports:23 - Serium Lipase sample selected...
2019-09-13 18:02:26,232  INFO [main] LogReports:23 - Serium Lipase added to cart...
2019-09-13 18:02:26,310  INFO [main] LogReports:23 - Serium Lipase search removed from the field...
2019-09-13 18:02:36,877  INFO [main] LogReports:23 - T3 T4 TSH sample selected...
2019-09-13 18:02:43,009  INFO [main] LogReports:23 - T3 T4 TSH added to cart...
2019-09-13 18:27:50,778  INFO [main] LogReports:23 - Chrome browser invoked...
2019-09-13 18:27:52,997  INFO [main] LogReports:23 - Application opened...
2019-09-13 18:27:59,273  INFO [main] LogReports:23 - Clicked on Diagnostics...
2019-09-13 18:28:02,941  INFO [main] LogReports:23 - Selected city...
2019-09-13 18:28:06,046  INFO [main] LogReports:23 - Entered into next field to select test sample...
2019-09-13 18:28:11,332  INFO [main] LogReports:23 - CBC Test sample selected...
2019-09-13 18:28:14,485  INFO [main] LogReports:23 - CBC Test added to cart...
2019-09-13 18:28:21,634  INFO [main] LogReports:23 - CBC Test search removed from the field...
2019-09-13 18:28:34,344  INFO [main] LogReports:23 - Serium Lipase sample selected...
2019-09-13 18:28:40,464  INFO [main] LogReports:23 - Serium Lipase added to cart...
2019-09-13 18:28:40,551  INFO [main] LogReports:23 - Serium Lipase search removed from the field...
2019-09-13 18:28:51,091  INFO [main] LogReports:23 - T3 T4 TSH sample selected...
2019-09-13 18:28:57,242  INFO [main] LogReports:23 - T3 T4 TSH added to cart...
2019-09-13 18:52:17,137  INFO [main] LogReports:23 - Chrome browser invoked...
2019-09-13 18:52:20,256  INFO [main] LogReports:23 - Application opened...
2019-09-13 18:52:26,608  INFO [main] LogReports:23 - Clicked on Diagnostics...
2019-09-13 18:52:31,103  INFO [main] LogReports:23 - Selected city...
2019-09-13 18:52:34,200  INFO [main] LogReports:23 - Entered into next field to select test sample...
2019-09-13 18:52:39,497  INFO [main] LogReports:23 - CBC Test sample selected...
2019-09-13 18:52:42,654  INFO [main] LogReports:23 - CBC Test added to cart...
2019-09-13 18:52:49,758  INFO [main] LogReports:23 - CBC Test search removed from the field...
2019-09-13 18:53:02,519  INFO [main] LogReports:23 - Serium Lipase sample selected...
2019-09-13 18:53:08,635  INFO [main] LogReports:23 - Serium Lipase added to cart...
2019-09-13 18:53:08,718  INFO [main] LogReports:23 - Serium Lipase search removed from the field...
2019-09-13 18:53:19,362  INFO [main] LogReports:23 - T3 T4 TSH sample selected...
2019-09-13 18:53:25,536  INFO [main] LogReports:23 - T3 T4 TSH added to cart...
2019-09-13 18:55:19,114  INFO [main] LogReports:23 - Chrome browser invoked...
2019-09-13 18:55:22,075  INFO [main] LogReports:23 - Application opened...
2019-09-13 18:55:28,413  INFO [main] LogReports:23 - Clicked on Diagnostics...
2019-09-13 18:55:32,725  INFO [main] LogReports:23 - Selected city...
2019-09-13 18:55:35,819  INFO [main] LogReports:23 - Entered into next field to select test sample...
2019-09-13 18:55:41,183  INFO [main] LogReports:23 - CBC Test sample selected...
2019-09-13 18:55:44,316  INFO [main] LogReports:23 - CBC Test added to cart...
2019-09-13 18:55:51,432  INFO [main] LogReports:23 - CBC Test search removed from the field...
2019-09-13 18:56:04,276  INFO [main] LogReports:23 - Serium Lipase sample selected...
2019-09-13 18:56:10,401  INFO [main] LogReports:23 - Serium Lipase added to cart...
2019-09-13 18:56:10,525  INFO [main] LogReports:23 - Serium Lipase search removed from the field...
2019-09-13 18:56:21,123  INFO [main] LogReports:23 - T3 T4 TSH sample selected...
2019-09-13 18:56:27,298  INFO [main] LogReports:23 - T3 T4 TSH added to cart...
2019-09-13 19:06:02,805  INFO [main] LogReports:23 - Chrome browser invoked...
2019-09-13 19:06:05,385  INFO [main] LogReports:23 - Application opened...
2019-09-13 19:06:12,213  INFO [main] LogReports:23 - Clicked on Diagnostics...
2019-09-13 19:06:16,482  INFO [main] LogReports:23 - Selected city...
2019-09-13 19:06:19,568  INFO [main] LogReports:23 - Entered into next field to select test sample...
2019-09-13 19:06:24,833  INFO [main] LogReports:23 - CBC Test sample selected...
2019-09-13 19:06:28,031  INFO [main] LogReports:23 - CBC Test added to cart...
2019-09-13 19:06:35,141  INFO [main] LogReports:23 - CBC Test search removed from the field...
2019-09-13 19:06:47,940  INFO [main] LogReports:23 - Serium Lipase sample selected...
2019-09-13 19:06:54,164  INFO [main] LogReports:23 - Serium Lipase added to cart...
2019-09-13 19:06:54,255  INFO [main] LogReports:23 - Serium Lipase search removed from the field...
2019-09-13 19:07:04,827  INFO [main] LogReports:23 - T3 T4 TSH sample selected...
2019-09-13 19:07:10,987  INFO [main] LogReports:23 - T3 T4 TSH added to cart...
2019-09-13 19:11:44,384  INFO [main] LogReports:23 - Chrome browser invoked...
2019-09-13 19:11:47,112  INFO [main] LogReports:23 - Application opened...
2019-09-13 19:11:53,577  INFO [main] LogReports:23 - Clicked on Diagnostics...
2019-09-13 19:11:58,512  INFO [main] LogReports:23 - Selected city...
2019-09-13 19:12:01,647  INFO [main] LogReports:23 - Entered into next field to select test sample...
2019-09-13 19:12:06,982  INFO [main] LogReports:23 - CBC Test sample selected...
2019-09-13 19:12:10,161  INFO [main] LogReports:23 - CBC Test added to cart...
2019-09-13 19:12:17,277  INFO [main] LogReports:23 - CBC Test search removed from the field...
2019-09-13 19:12:30,008  INFO [main] LogReports:23 - Serium Lipase sample selected...
2019-09-13 19:12:36,168  INFO [main] LogReports:23 - Serium Lipase added to cart...
2019-09-13 19:12:36,236  INFO [main] LogReports:23 - Serium Lipase search removed from the field...
2019-09-13 19:12:46,708  INFO [main] LogReports:23 - T3 T4 TSH sample selected...
2019-09-13 19:12:52,856  INFO [main] LogReports:23 - T3 T4 TSH added to cart...
2019-09-13 19:25:12,884  INFO [main] LogReports:23 - Chrome browser invoked...
2019-09-13 19:25:15,715  INFO [main] LogReports:23 - Application opened...
2019-09-13 19:25:22,463  INFO [main] LogReports:23 - Clicked on Diagnostics...
2019-09-13 19:25:26,947  INFO [main] LogReports:23 - Selected city...
2019-09-13 19:25:30,045  INFO [main] LogReports:23 - Entered into next field to select test sample...
2019-09-13 19:25:35,363  INFO [main] LogReports:23 - CBC Test sample selected...
2019-09-13 19:25:38,570  INFO [main] LogReports:23 - CBC Test added to cart...
2019-09-13 19:25:45,695  INFO [main] LogReports:23 - CBC Test search removed from the field...
2019-09-13 19:25:58,425  INFO [main] LogReports:23 - Serium Lipase sample selected...
2019-09-13 19:26:04,573  INFO [main] LogReports:23 - Serium Lipase added to cart...
2019-09-13 19:26:04,647  INFO [main] LogReports:23 - Serium Lipase search removed from the field...
2019-09-13 19:26:15,205  INFO [main] LogReports:23 - T3 T4 TSH sample selected...
2019-09-13 19:26:21,362  INFO [main] LogReports:23 - T3 T4 TSH added to cart...
2019-09-13 19:26:29,800  INFO [main] LogReports:23 - CBC Test sample removed...
2019-09-13 19:41:02,687  INFO [main] LogReports:23 - Chrome browser invoked...
2019-09-13 19:41:05,099  INFO [main] LogReports:23 - Application opened...
2019-09-13 19:41:12,623  INFO [main] LogReports:23 - Clicked on Diagnostics...
2019-09-13 19:41:17,365  INFO [main] LogReports:23 - Selected city...
2019-09-13 19:41:20,552  INFO [main] LogReports:23 - Entered into next field to select test sample...
2019-09-13 19:41:25,954  INFO [main] LogReports:23 - CBC Test sample selected...
2019-09-13 19:41:29,122  INFO [main] LogReports:23 - CBC Test added to cart...
2019-09-13 19:41:36,244  INFO [main] LogReports:23 - CBC Test search removed from the field...
2019-09-13 19:41:49,060  INFO [main] LogReports:23 - Serium Lipase sample selected...
2019-09-13 19:41:55,213  INFO [main] LogReports:23 - Serium Lipase added to cart...
2019-09-13 19:41:55,280  INFO [main] LogReports:23 - Serium Lipase search removed from the field...
2019-09-13 19:42:05,894  INFO [main] LogReports:23 - T3 T4 TSH sample selected...
2019-09-13 19:42:12,019  INFO [main] LogReports:23 - T3 T4 TSH added to cart...
2019-09-13 19:42:20,475  INFO [main] LogReports:23 - CBC Test sample removed...
2019-09-13 19:43:19,626  INFO [main] LogReports:23 - Chrome browser invoked...
2019-09-13 19:43:23,051  INFO [main] LogReports:23 - Application opened...
2019-09-13 19:43:30,643  INFO [main] LogReports:23 - Clicked on Diagnostics...
2019-09-13 19:43:35,213  INFO [main] LogReports:23 - Selected city...
2019-09-13 19:43:38,348  INFO [main] LogReports:23 - Entered into next field to select test sample...
2019-09-13 19:43:43,765  INFO [main] LogReports:23 - CBC Test sample selected...
2019-09-13 19:43:46,966  INFO [main] LogReports:23 - CBC Test added to cart...
2019-09-13 19:43:54,171  INFO [main] LogReports:23 - CBC Test search removed from the field...
2019-09-13 19:44:07,276  INFO [main] LogReports:23 - Serium Lipase sample selected...
2019-09-13 19:44:13,405  INFO [main] LogReports:23 - Serium Lipase added to cart...
2019-09-13 19:44:13,480  INFO [main] LogReports:23 - Serium Lipase search removed from the field...
2019-09-13 19:44:24,014  INFO [main] LogReports:23 - T3 T4 TSH sample selected...
2019-09-13 19:44:30,151  INFO [main] LogReports:23 - T3 T4 TSH added to cart...
2019-09-13 19:44:38,700  INFO [main] LogReports:23 - CBC Test sample removed...
2019-09-16 10:00:34,901  INFO [main] LogReports:23 - Chrome browser invoked...
2019-09-16 10:00:39,198  INFO [main] LogReports:23 - Application opened...
2019-09-16 10:00:46,088  INFO [main] LogReports:23 - Clicked on Diagnostics...
2019-09-16 10:01:33,994  INFO [main] LogReports:23 - Chrome browser invoked...
2019-09-16 10:01:37,579  INFO [main] LogReports:23 - Application opened...
2019-09-16 10:01:44,721  INFO [main] LogReports:23 - Clicked on Diagnostics...
2019-09-16 10:01:48,490  INFO [main] LogReports:23 - Selected city...
2019-09-16 10:01:51,591  INFO [main] LogReports:23 - Entered into next field to select test sample...
2019-09-16 10:01:57,059  INFO [main] LogReports:23 - CBC Test sample selected...
2019-09-16 10:02:00,301  INFO [main] LogReports:23 - CBC Test added to cart...
2019-09-16 10:02:07,508  INFO [main] LogReports:23 - CBC Test search removed from the field...
2019-09-16 10:02:20,510  INFO [main] LogReports:23 - Serium Lipase sample selected...
2019-09-16 10:02:26,636  INFO [main] LogReports:23 - Serium Lipase added to cart...
2019-09-16 10:02:26,740  INFO [main] LogReports:23 - Serium Lipase search removed from the field...
2019-09-16 10:02:37,240  INFO [main] LogReports:23 - T3 T4 TSH sample selected...
2019-09-16 10:02:43,440  INFO [main] LogReports:23 - T3 T4 TSH added to cart...
2019-09-16 10:02:52,039  INFO [main] LogReports:23 - CBC Test sample removed...
2019-09-16 10:15:43,620  INFO [main] LogReports:23 - Chrome browser invoked...
2019-09-16 10:15:46,254  INFO [main] LogReports:23 - Application opened...
2019-09-16 10:15:54,440  INFO [main] LogReports:23 - Clicked on Diagnostics...
2019-09-16 10:15:58,588  INFO [main] LogReports:23 - Selected city...
2019-09-16 10:16:01,721  INFO [main] LogReports:23 - Entered into next field to select test sample...
2019-09-16 10:16:07,010  INFO [main] LogReports:23 - CBC Test sample selected...
2019-09-16 10:16:10,191  INFO [main] LogReports:23 - CBC Test added to cart...
2019-09-16 10:16:17,314  INFO [main] LogReports:23 - CBC Test search removed from the field...
2019-09-16 10:16:30,100  INFO [main] LogReports:23 - Serium Lipase sample selected...
2019-09-16 10:16:36,290  INFO [main] LogReports:23 - Serium Lipase added to cart...
2019-09-16 10:16:36,361  INFO [main] LogReports:23 - Serium Lipase search removed from the field...
2019-09-16 10:16:46,985  INFO [main] LogReports:23 - T3 T4 TSH sample selected...
2019-09-16 10:16:53,163  INFO [main] LogReports:23 - T3 T4 TSH added to cart...
2019-09-16 10:17:01,710  INFO [main] LogReports:23 - CBC Test sample removed...
2019-09-16 11:14:33,338  INFO [main] LogReports:24 - Chrome browser invoked...
2019-09-16 11:14:35,628  INFO [main] LogReports:24 - Application opened...
2019-09-16 11:14:41,958  INFO [main] LogReports:24 - Clicked on Diagnostics...
2019-09-16 11:14:42,781  INFO [main] LogReports:24 - Selected city...
2019-09-16 11:14:46,670  INFO [main] LogReports:24 - Entered into next field to select test sample...
2019-09-16 11:14:47,003  INFO [main] LogReports:24 - CBC Test sample selected...
2019-09-16 11:14:47,909  INFO [main] LogReports:24 - CBC Test added to cart...
2019-09-16 11:14:48,089  INFO [main] LogReports:24 - CBC Test search removed from the field...
2019-09-16 11:14:49,039  INFO [main] LogReports:24 - Serium Lipase sample selected...
2019-09-16 11:15:09,418  INFO [main] LogReports:24 - CBC Test sample removed...
2019-09-16 11:18:18,037  INFO [main] LogReports:24 - Chrome browser invoked...
2019-09-16 11:18:20,817  INFO [main] LogReports:24 - Application opened...
2019-09-16 11:18:27,883  INFO [main] LogReports:24 - Clicked on Diagnostics...
2019-09-16 11:18:28,331  INFO [main] LogReports:24 - Selected city...
2019-09-16 11:18:29,212  INFO [main] LogReports:24 - Entered into next field to select test sample...
2019-09-16 11:18:29,620  INFO [main] LogReports:24 - CBC Test sample selected...
2019-09-16 11:18:30,832  INFO [main] LogReports:24 - CBC Test added to cart...
2019-09-16 11:18:30,999  INFO [main] LogReports:24 - CBC Test search removed from the field...
2019-09-16 11:18:32,227  INFO [main] LogReports:24 - Serium Lipase sample selected...
2019-09-16 11:18:38,546  INFO [main] LogReports:24 - CBC Test sample removed...
2019-09-16 11:19:42,575  INFO [main] LogReports:24 - Chrome browser invoked...
2019-09-16 11:19:45,413  INFO [main] LogReports:24 - Application opened...
2019-09-16 11:19:51,790  INFO [main] LogReports:24 - Clicked on Diagnostics...
2019-09-16 11:19:52,886  INFO [main] LogReports:24 - Selected city...
2019-09-16 11:19:53,347  INFO [main] LogReports:24 - Entered into next field to select test sample...
2019-09-16 11:19:53,759  INFO [main] LogReports:24 - CBC Test sample selected...
2019-09-16 11:19:54,922  INFO [main] LogReports:24 - CBC Test added to cart...
2019-09-16 11:19:55,090  INFO [main] LogReports:24 - CBC Test search removed from the field...
2019-09-16 11:19:56,234  INFO [main] LogReports:24 - Serium Lipase sample selected...
2019-09-16 11:20:02,651  INFO [main] LogReports:24 - CBC Test sample removed...
2019-09-16 11:20:54,021  INFO [main] LogReports:24 - Chrome browser invoked...
2019-09-16 11:20:56,594  INFO [main] LogReports:24 - Application opened...
2019-09-16 11:21:02,831  INFO [main] LogReports:24 - Clicked on Diagnostics...
2019-09-16 11:21:38,302  INFO [main] LogReports:24 - Chrome browser invoked...
2019-09-16 11:21:41,063  INFO [main] LogReports:24 - Application opened...
2019-09-16 11:21:47,333  INFO [main] LogReports:24 - Clicked on Diagnostics...
2019-09-16 11:21:48,840  INFO [main] LogReports:24 - Selected city...
2019-09-16 11:21:49,119  INFO [main] LogReports:24 - Entered into next field to select test sample...
2019-09-16 11:21:49,478  INFO [main] LogReports:24 - CBC Test sample selected...
2019-09-16 11:21:50,665  INFO [main] LogReports:24 - CBC Test added to cart...
2019-09-16 11:21:50,826  INFO [main] LogReports:24 - CBC Test search removed from the field...
2019-09-16 11:21:51,911  INFO [main] LogReports:24 - Serium Lipase sample selected...
2019-09-16 11:21:58,251  INFO [main] LogReports:24 - CBC Test sample removed...
2019-09-16 11:22:55,462  INFO [main] LogReports:24 - Chrome browser invoked...
2019-09-16 11:22:58,184  INFO [main] LogReports:24 - Application opened...
2019-09-16 11:23:03,632  INFO [main] LogReports:24 - Clicked on Diagnostics...
2019-09-16 11:23:39,362  INFO [main] LogReports:24 - Chrome browser invoked...
2019-09-16 11:23:41,595  INFO [main] LogReports:24 - Application opened...
2019-09-16 11:23:49,248  INFO [main] LogReports:24 - Clicked on Diagnostics...
2019-09-16 11:23:50,007  INFO [main] LogReports:24 - Selected city...
2019-09-16 11:23:50,700  INFO [main] LogReports:24 - Entered into next field to select test sample...
2019-09-16 11:23:51,128  INFO [main] LogReports:24 - CBC Test sample selected...
2019-09-16 11:23:52,177  INFO [main] LogReports:24 - CBC Test added to cart...
2019-09-16 11:23:52,497  INFO [main] LogReports:24 - CBC Test search removed from the field...
2019-09-16 11:23:53,585  INFO [main] LogReports:24 - Serium Lipase sample selected...
2019-09-16 11:23:59,915  INFO [main] LogReports:24 - CBC Test sample removed...
2019-09-16 11:24:56,885  INFO [main] LogReports:24 - Chrome browser invoked...
2019-09-16 11:24:59,627  INFO [main] LogReports:24 - Application opened...
2019-09-16 11:25:05,966  INFO [main] LogReports:24 - Clicked on Diagnostics...
2019-09-16 11:25:06,880  INFO [main] LogReports:24 - Selected city...
2019-09-16 11:25:07,407  INFO [main] LogReports:24 - Entered into next field to select test sample...
2019-09-16 11:25:07,908  INFO [main] LogReports:24 - CBC Test sample selected...
2019-09-16 11:25:09,238  INFO [main] LogReports:24 - CBC Test added to cart...
2019-09-16 11:25:09,406  INFO [main] LogReports:24 - CBC Test search removed from the field...
2019-09-16 11:25:10,509  INFO [main] LogReports:24 - Serium Lipase sample selected...
2019-09-16 11:25:16,835  INFO [main] LogReports:24 - CBC Test sample removed...
2019-09-16 11:28:59,671  INFO [main] LogReports:24 - Chrome browser invoked...
2019-09-16 11:29:01,800  INFO [main] LogReports:24 - Application opened...
2019-09-16 11:29:08,053  INFO [main] LogReports:24 - Clicked on Diagnostics...
2019-09-16 11:29:39,203  INFO [main] LogReports:24 - Chrome browser invoked...
2019-09-16 11:29:41,164  INFO [main] LogReports:24 - Application opened...
2019-09-16 11:29:48,142  INFO [main] LogReports:24 - Clicked on Diagnostics...
2019-09-16 11:29:49,927  INFO [main] LogReports:24 - Selected city...
2019-09-16 11:29:50,058  INFO [main] LogReports:24 - Entered into next field to select test sample...
2019-09-16 11:29:50,586  INFO [main] LogReports:24 - CBC Test sample selected...
2019-09-16 11:29:51,603  INFO [main] LogReports:24 - CBC Test added to cart...
2019-09-16 11:29:51,761  INFO [main] LogReports:24 - CBC Test search removed from the field...
2019-09-16 11:29:57,527  INFO [main] LogReports:24 - Serium Lipase sample selected...
2019-09-16 11:30:03,878  INFO [main] LogReports:24 - CBC Test sample removed...
2019-09-16 11:30:58,120  INFO [main] LogReports:24 - Chrome browser invoked...
2019-09-16 11:31:00,810  INFO [main] LogReports:24 - Application opened...
2019-09-16 11:31:06,926  INFO [main] LogReports:24 - Clicked on Diagnostics...
2019-09-16 11:31:07,757  INFO [main] LogReports:24 - Selected city...
2019-09-16 11:31:08,486  INFO [main] LogReports:24 - Entered into next field to select test sample...
2019-09-16 11:31:09,067  INFO [main] LogReports:24 - CBC Test sample selected...
2019-09-16 11:31:09,940  INFO [main] LogReports:24 - CBC Test added to cart...
2019-09-16 11:31:10,163  INFO [main] LogReports:24 - CBC Test search removed from the field...
2019-09-16 11:31:20,899  INFO [main] LogReports:24 - Serium Lipase sample selected...
2019-09-16 11:31:21,083  INFO [main] LogReports:24 - Serium Lipase added to cart...
2019-09-16 11:31:21,248  INFO [main] LogReports:24 - Serium Lipase search removed from the field...
2019-09-16 11:31:22,312  INFO [main] LogReports:24 - T3 T4 TSH sample selected...
2019-09-16 11:31:28,654  INFO [main] LogReports:24 - CBC Test sample removed...
2019-09-16 11:33:08,160  INFO [main] LogReports:24 - Chrome browser invoked...
2019-09-16 11:33:10,761  INFO [main] LogReports:24 - Application opened...
2019-09-16 11:33:17,258  INFO [main] LogReports:24 - Clicked on Diagnostics...
2019-09-16 11:33:18,363  INFO [main] LogReports:24 - Selected city...
2019-09-16 11:33:19,043  INFO [main] LogReports:24 - Entered into next field to select test sample...
2019-09-16 11:33:24,397  INFO [main] LogReports:24 - CBC Test sample selected...
2019-09-16 11:33:25,296  INFO [main] LogReports:24 - CBC Test added to cart...
2019-09-16 11:33:25,446  INFO [main] LogReports:24 - CBC Test search removed from the field...
2019-09-16 11:33:46,166  INFO [main] LogReports:24 - Serium Lipase sample selected...
2019-09-16 11:33:46,334  INFO [main] LogReports:24 - Serium Lipase added to cart...
2019-09-16 11:33:46,413  INFO [main] LogReports:24 - Serium Lipase search removed from the field...
2019-09-16 11:33:51,895  INFO [main] LogReports:24 - T3 T4 TSH sample selected...
2019-09-16 11:33:52,236  INFO [main] LogReports:24 - T3 T4 TSH added to cart...
2019-09-16 11:33:52,803  INFO [main] LogReports:24 - CBC Test sample removed...
2019-09-16 11:55:44,104  INFO [main] LogReports:24 - Chrome browser invoked...
2019-09-16 11:55:46,199  INFO [main] LogReports:24 - Application opened...
2019-09-16 11:55:52,952  INFO [main] LogReports:24 - Clicked on Diagnostics...
2019-09-16 11:55:55,149  INFO [main] LogReports:24 - Selected city...
2019-09-16 11:55:55,296  INFO [main] LogReports:24 - Entered into next field to select test sample...
2019-09-16 11:56:00,799  INFO [main] LogReports:24 - CBC Test sample selected...
2019-09-16 11:56:02,202  INFO [main] LogReports:24 - CBC Test added to cart...
2019-09-16 11:56:02,369  INFO [main] LogReports:24 - CBC Test search removed from the field...
2019-09-16 11:56:23,129  INFO [main] LogReports:24 - Serium Lipase sample selected...
2019-09-16 11:56:23,293  INFO [main] LogReports:24 - Serium Lipase added to cart...
2019-09-16 11:56:23,381  INFO [main] LogReports:24 - Serium Lipase search removed from the field...
2019-09-16 11:56:28,903  INFO [main] LogReports:24 - T3 T4 TSH sample selected...
2019-09-16 11:56:29,279  INFO [main] LogReports:24 - T3 T4 TSH added to cart...
2019-09-16 11:56:32,623  INFO [main] LogReports:24 - CBC Test sample removed...
2019-09-16 11:57:01,546  INFO [main] LogReports:24 - Chrome browser invoked...
2019-09-16 11:57:04,454  INFO [main] LogReports:24 - Application opened...
2019-09-16 11:57:10,765  INFO [main] LogReports:24 - Clicked on Diagnostics...
2019-09-16 11:57:11,810  INFO [main] LogReports:24 - Selected city...
2019-09-16 11:57:12,910  INFO [main] LogReports:24 - Entered into next field to select test sample...
2019-09-16 11:57:18,277  INFO [main] LogReports:24 - CBC Test sample selected...
2019-09-16 11:57:19,155  INFO [main] LogReports:24 - CBC Test added to cart...
2019-09-16 11:57:19,307  INFO [main] LogReports:24 - CBC Test search removed from the field...
2019-09-16 11:57:40,059  INFO [main] LogReports:24 - Serium Lipase sample selected...
2019-09-16 11:57:40,210  INFO [main] LogReports:24 - Serium Lipase added to cart...
2019-09-16 11:57:40,285  INFO [main] LogReports:24 - Serium Lipase search removed from the field...
2019-09-16 11:57:45,862  INFO [main] LogReports:24 - T3 T4 TSH sample selected...
2019-09-16 11:57:46,280  INFO [main] LogReports:24 - T3 T4 TSH added to cart...
2019-09-16 11:57:46,922  INFO [main] LogReports:24 - CBC Test sample removed...
2019-09-16 12:18:38,799  INFO [main] LogReports:24 - Chrome browser invoked...
2019-09-16 12:18:41,760  INFO [main] LogReports:24 - Application opened...
2019-09-16 12:18:47,961  INFO [main] LogReports:24 - Clicked on Diagnostics...
2019-09-16 12:18:48,800  INFO [main] LogReports:24 - Selected city...
2019-09-16 12:18:49,679  INFO [main] LogReports:24 - Entered into next field to select test sample...
2019-09-16 12:18:55,191  INFO [main] LogReports:24 - CBC Test sample selected...
2019-09-16 12:18:56,031  INFO [main] LogReports:24 - CBC Test added to cart...
2019-09-16 12:18:56,174  INFO [main] LogReports:24 - CBC Test search removed from the field...
2019-09-16 12:19:16,905  INFO [main] LogReports:24 - Serium Lipase sample selected...
2019-09-16 12:19:17,097  INFO [main] LogReports:24 - Serium Lipase added to cart...
2019-09-16 12:19:17,173  INFO [main] LogReports:24 - Serium Lipase search removed from the field...
2019-09-16 12:19:22,753  INFO [main] LogReports:24 - T3 T4 TSH sample selected...
2019-09-16 12:19:23,065  INFO [main] LogReports:24 - T3 T4 TSH added to cart...
2019-09-16 12:19:26,331  INFO [main] LogReports:24 - CBC Test sample removed...
